<?xml version="1.0" encoding="UTF-8"?>
<!-- Generated by org.testng.reporters.JUnitXMLReporter -->
<testsuite ignored="0" hostname="LAPTOP-QRCNHI02" failures="0" tests="7" name="Command line test" time="29.783" errors="0" timestamp="2022-10-05T23:32:27 EDT">
  <testcase classname="com_dol_tests.day08_implicitwait_checkbox_radio_testing.TestNGIntro" name="test1" time="0.004"/>
  <testcase classname="com_dol_tests.day08_implicitwait_checkbox_radio_testing.TestNGIntro" name="test2" time="0.0"/>
  <testcase classname="com_dol_tests.day09_testng_dropdowns.DropDownTest" name="simpleDropDownTest" time="0.164"/>
  <testcase classname="com_dol_tests.day09_testng_dropdowns.DropDownTest" name="titleTest" time="0.013"/>
  <testcase classname="com_dol_tests.day09_testng_dropdowns.TestNGIntro" name="test1" time="0.0"/>
  <testcase classname="com_dol_tests.day09_testng_dropdowns.TestNGIntro" name="myTest2" time="0.0"/>
  <testcase classname="com_dol_tests.day10_dropdown_alerts_iframes_windows.CarGurusUsedCarSearchTest" name="searchForMinivan" time="11.937"/>
</testsuite> <!-- Command line test -->
